<?xml version="1.0" encoding="utf-8"?><testsuites name="pytest tests"><testsuite name="pytest" errors="0" failures="4" skipped="0" tests="17" time="1.693" timestamp="2026-01-09T13:42:23.416106+00:00" hostname="agent-env-d3d5e0be-9812-4dcd-8242-e1f78b303458"><testcase classname="tests.test_bulk_import_and_search.TestBulkImportCompanies" name="test_bulk_import_companies_success" time="0.337" /><testcase classname="tests.test_bulk_import_and_search.TestBulkImportCompanies" name="test_bulk_import_companies_missing_name" time="0.038" /><testcase classname="tests.test_bulk_import_and_search.TestBulkImportCompanies" name="test_bulk_import_companies_duplicate_code" time="0.085"><failure message="AssertionError: assert 'already exists' in '3 validation errors for company\ncontact_name\n  input should be a valid string [type=string_type, input_value=none, input_type=nonetype]\n    for further information visit https://errors.pydantic.dev/2.12/v/string_type\ncontact_email\n  input should be a valid string [type=string_type, input_value=none, input_type=nonetype]\n    for further information visit https://errors.pydantic.dev/2.12/v/string_type\ncontact_phone\n  input should be a valid string [type=string_type, input_value=none, input_type=nonetype]\n    for further information visit https://errors.pydantic.dev/2.12/v/string_type'&#10; +  where '3 validation errors for company\ncontact_name\n  input should be a valid string [type=string_type, input_value=none, input_type=nonetype]\n    for further information visit https://errors.pydantic.dev/2.12/v/string_type\ncontact_email\n  input should be a valid string [type=string_type, input_value=none, input_type=nonetype]\n    for further information visit https://errors.pydantic.dev/2.12/v/string_type\ncontact_phone\n  input should be a valid string [type=string_type, input_value=none, input_type=nonetype]\n    for further information visit https://errors.pydantic.dev/2.12/v/string_type' = &lt;built-in method lower of str object at 0xaba15ca082f0&gt;()&#10; +    where &lt;built-in method lower of str object at 0xaba15ca082f0&gt; = '3 validation errors for Company\ncontact_name\n  Input should be a valid string [type=string_type, input_value=None, input_type=NoneType]\n    For further information visit https://errors.pydantic.dev/2.12/v/string_type\ncontact_email\n  Input should be a valid string [type=string_type, input_value=None, input_type=NoneType]\n    For further information visit https://errors.pydantic.dev/2.12/v/string_type\ncontact_phone\n  Input should be a valid string [type=string_type, input_value=None, input_type=NoneType]\n    For further information visit https://errors.pydantic.dev/2.12/v/string_type'.lower">tests/test_bulk_import_and_search.py:147: in test_bulk_import_companies_duplicate_code
    assert "already exists" in data["errors"][0]["message"].lower()
E   AssertionError: assert 'already exists' in '3 validation errors for company\ncontact_name\n  input should be a valid string [type=string_type, input_value=none, input_type=nonetype]\n    for further information visit https://errors.pydantic.dev/2.12/v/string_type\ncontact_email\n  input should be a valid string [type=string_type, input_value=none, input_type=nonetype]\n    for further information visit https://errors.pydantic.dev/2.12/v/string_type\ncontact_phone\n  input should be a valid string [type=string_type, input_value=none, input_type=nonetype]\n    for further information visit https://errors.pydantic.dev/2.12/v/string_type'
E    +  where '3 validation errors for company\ncontact_name\n  input should be a valid string [type=string_type, input_value=none, input_type=nonetype]\n    for further information visit https://errors.pydantic.dev/2.12/v/string_type\ncontact_email\n  input should be a valid string [type=string_type, input_value=none, input_type=nonetype]\n    for further information visit https://errors.pydantic.dev/2.12/v/string_type\ncontact_phone\n  input should be a valid string [type=string_type, input_value=none, input_type=nonetype]\n    for further information visit https://errors.pydantic.dev/2.12/v/string_type' = &lt;built-in method lower of str object at 0xaba15ca082f0&gt;()
E    +    where &lt;built-in method lower of str object at 0xaba15ca082f0&gt; = '3 validation errors for Company\ncontact_name\n  Input should be a valid string [type=string_type, input_value=None, input_type=NoneType]\n    For further information visit https://errors.pydantic.dev/2.12/v/string_type\ncontact_email\n  Input should be a valid string [type=string_type, input_value=None, input_type=NoneType]\n    For further information visit https://errors.pydantic.dev/2.12/v/string_type\ncontact_phone\n  Input should be a valid string [type=string_type, input_value=None, input_type=NoneType]\n    For further information visit https://errors.pydantic.dev/2.12/v/string_type'.lower</failure></testcase><testcase classname="tests.test_bulk_import_and_search.TestBulkImportCompanies" name="test_bulk_import_companies_empty_records" time="0.038" /><testcase classname="tests.test_bulk_import_and_search.TestBulkImportSites" name="test_bulk_import_sites_success" time="0.087"><failure message="AssertionError: Expected at least 1 successful import, got 0&#10;assert 0 &gt;= 1">tests/test_bulk_import_and_search.py:203: in test_bulk_import_sites_success
    assert data["success"] &gt;= 1, f"Expected at least 1 successful import, got {data['success']}"
E   AssertionError: Expected at least 1 successful import, got 0
E   assert 0 &gt;= 1</failure></testcase><testcase classname="tests.test_bulk_import_and_search.TestBulkImportSites" name="test_bulk_import_sites_missing_name" time="0.039" /><testcase classname="tests.test_bulk_import_and_search.TestBulkImportSites" name="test_bulk_import_sites_invalid_company" time="0.041" /><testcase classname="tests.test_bulk_import_and_search.TestBulkImportDevices" name="test_bulk_import_devices_success" time="0.080"><failure message="AssertionError: Expected at least 1 successful import, got 0&#10;assert 0 &gt;= 1">tests/test_bulk_import_and_search.py:292: in test_bulk_import_devices_success
    assert data["success"] &gt;= 1, f"Expected at least 1 successful import, got {data['success']}"
E   AssertionError: Expected at least 1 successful import, got 0
E   assert 0 &gt;= 1</failure></testcase><testcase classname="tests.test_bulk_import_and_search.TestBulkImportDevices" name="test_bulk_import_devices_missing_serial" time="0.043" /><testcase classname="tests.test_bulk_import_and_search.TestBulkImportDevices" name="test_bulk_import_devices_duplicate_serial" time="0.110"><failure message="AssertionError: assert 'already exists' in 'company not found'&#10; +  where 'company not found' = &lt;built-in method lower of str object at 0xf95f3bc94670&gt;()&#10; +    where &lt;built-in method lower of str object at 0xf95f3bc94670&gt; = 'Company not found'.lower">tests/test_bulk_import_and_search.py:355: in test_bulk_import_devices_duplicate_serial
    assert "already exists" in data["errors"][0]["message"].lower()
E   AssertionError: assert 'already exists' in 'company not found'
E    +  where 'company not found' = &lt;built-in method lower of str object at 0xf95f3bc94670&gt;()
E    +    where &lt;built-in method lower of str object at 0xf95f3bc94670&gt; = 'Company not found'.lower</failure></testcase><testcase classname="tests.test_bulk_import_and_search.TestBulkImportSupplyProducts" name="test_bulk_import_supply_products_success" time="0.068" /><testcase classname="tests.test_bulk_import_and_search.TestBulkImportSupplyProducts" name="test_bulk_import_supply_products_new_category" time="0.042" /><testcase classname="tests.test_bulk_import_and_search.TestBulkImportSupplyProducts" name="test_bulk_import_supply_products_missing_name" time="0.041" /><testcase classname="tests.test_bulk_import_and_search.TestOfficeSuppliesSearch" name="test_supply_catalog_returns_products" time="0.298" /><testcase classname="tests.test_bulk_import_and_search.TestOfficeSuppliesSearch" name="test_supply_catalog_has_searchable_products" time="0.041" /><testcase classname="tests.test_bulk_import_and_search.TestBulkImportAuth" name="test_bulk_import_requires_admin_auth" time="0.146" /><testcase classname="tests.test_bulk_import_and_search.TestBulkImportAuth" name="test_bulk_import_rejects_company_user" time="0.040" /></testsuite></testsuites>