<?xml version="1.0" encoding="utf-8"?><testsuites name="pytest tests"><testsuite name="pytest" errors="0" failures="0" skipped="0" tests="11" time="2.407" timestamp="2026-01-09T12:03:26.482981+00:00" hostname="agent-env-d3d5e0be-9812-4dcd-8242-e1f78b303458"><testcase classname="tests.test_consumables_feature.TestConsumablesFeature" name="test_admin_login" time="0.298" /><testcase classname="tests.test_consumables_feature.TestConsumablesFeature" name="test_create_printer_with_consumables" time="0.377" /><testcase classname="tests.test_consumables_feature.TestConsumablesFeature" name="test_update_printer_consumables" time="0.040" /><testcase classname="tests.test_consumables_feature.TestConsumablesFeature" name="test_get_device_with_consumables" time="0.048" /><testcase classname="tests.test_consumables_feature.TestConsumablesFeature" name="test_company_login" time="0.000" /><testcase classname="tests.test_consumables_feature.TestConsumablesFeature" name="test_company_get_device_details" time="0.039" /><testcase classname="tests.test_consumables_feature.TestConsumablesFeature" name="test_order_consumable_success" time="1.141" /><testcase classname="tests.test_consumables_feature.TestConsumablesFeature" name="test_order_consumable_non_printer_fails" time="0.163" /><testcase classname="tests.test_consumables_feature.TestConsumablesFeature" name="test_order_consumable_invalid_device" time="0.038" /><testcase classname="tests.test_consumables_feature.TestConsumablesFeature" name="test_order_consumable_unauthorized" time="0.036" /><testcase classname="tests.test_consumables_feature.TestConsumablesFeature" name="test_cleanup_test_data" time="0.040" /></testsuite></testsuites>