<?xml version="1.0" encoding="utf-8"?><testsuites name="pytest tests"><testsuite name="pytest" errors="0" failures="0" skipped="1" tests="14" time="2.818" timestamp="2026-01-09T12:38:26.787432+00:00" hostname="agent-env-d3d5e0be-9812-4dcd-8242-e1f78b303458"><testcase classname="tests.test_multi_consumables.TestMultiConsumablesFeature" name="test_admin_login" time="0.321" /><testcase classname="tests.test_multi_consumables.TestMultiConsumablesFeature" name="test_create_printer_with_multiple_consumables" time="0.359" /><testcase classname="tests.test_multi_consumables.TestMultiConsumablesFeature" name="test_get_device_returns_consumables_array" time="0.052" /><testcase classname="tests.test_multi_consumables.TestMultiConsumablesFeature" name="test_update_device_add_consumable" time="0.044" /><testcase classname="tests.test_multi_consumables.TestMultiConsumablesFeature" name="test_update_device_remove_consumable" time="0.044" /><testcase classname="tests.test_multi_consumables.TestMultiConsumablesFeature" name="test_company_login" time="0.000" /><testcase classname="tests.test_multi_consumables.TestMultiConsumablesFeature" name="test_company_view_device_with_consumables" time="0.041" /><testcase classname="tests.test_multi_consumables.TestMultiConsumablesFeature" name="test_order_multiple_consumables" time="1.088" /><testcase classname="tests.test_multi_consumables.TestMultiConsumablesFeature" name="test_order_all_four_consumables" time="0.174" /><testcase classname="tests.test_multi_consumables.TestMultiConsumablesFeature" name="test_order_single_consumable_from_multi" time="0.171" /><testcase classname="tests.test_multi_consumables.TestMultiConsumablesFeature" name="test_order_empty_items_fails" time="0.042" /><testcase classname="tests.test_multi_consumables.TestMultiConsumablesFeature" name="test_legacy_single_item_order_still_works" time="0.175" /><testcase classname="tests.test_multi_consumables.TestMultiConsumablesFeature" name="test_order_for_non_printer_fails" time="0.043"><skipped type="pytest.skip" message="Failed to create test laptop: Internal Server Error">/app/tests/test_multi_consumables.py:499: Failed to create test laptop: Internal Server Error</skipped></testcase><testcase classname="tests.test_multi_consumables.TestMultiConsumablesFeature" name="test_cleanup_test_data" time="0.043" /></testsuite></testsuites>