<?xml version="1.0" encoding="utf-8"?><testsuites name="pytest tests"><testsuite name="pytest" errors="0" failures="0" skipped="0" tests="22" time="4.784" timestamp="2026-01-09T13:21:13.267444+00:00" hostname="agent-env-d3d5e0be-9812-4dcd-8242-e1f78b303458"><testcase classname="tests.test_office_supplies.TestAdminSupplyCategories" name="test_get_supply_categories_returns_seeded_data" time="0.342" /><testcase classname="tests.test_office_supplies.TestAdminSupplyCategories" name="test_create_supply_category" time="0.094" /><testcase classname="tests.test_office_supplies.TestAdminSupplyCategories" name="test_update_supply_category" time="0.159" /><testcase classname="tests.test_office_supplies.TestAdminSupplyCategories" name="test_delete_supply_category" time="0.126" /><testcase classname="tests.test_office_supplies.TestAdminSupplyProducts" name="test_get_supply_products_returns_seeded_data" time="0.039" /><testcase classname="tests.test_office_supplies.TestAdminSupplyProducts" name="test_create_supply_product" time="0.121" /><testcase classname="tests.test_office_supplies.TestAdminSupplyProducts" name="test_update_supply_product" time="0.162" /><testcase classname="tests.test_office_supplies.TestAdminSupplyProducts" name="test_toggle_product_status" time="0.164" /><testcase classname="tests.test_office_supplies.TestAdminSupplyProducts" name="test_delete_supply_product" time="0.153" /><testcase classname="tests.test_office_supplies.TestCompanySupplyCatalog" name="test_get_supply_catalog" time="0.303" /><testcase classname="tests.test_office_supplies.TestCompanySupplyCatalog" name="test_catalog_excludes_inactive_products" time="0.158" /><testcase classname="tests.test_office_supplies.TestCompanySupplyOrders" name="test_create_supply_order_with_existing_site" time="1.245" /><testcase classname="tests.test_office_supplies.TestCompanySupplyOrders" name="test_create_supply_order_with_new_location" time="0.215" /><testcase classname="tests.test_office_supplies.TestCompanySupplyOrders" name="test_create_order_empty_items_rejected" time="0.038" /><testcase classname="tests.test_office_supplies.TestCompanySupplyOrders" name="test_create_order_missing_delivery_rejected" time="0.073" /><testcase classname="tests.test_office_supplies.TestCompanySupplyOrders" name="test_get_company_supply_orders" time="0.040" /><testcase classname="tests.test_office_supplies.TestAdminSupplyOrders" name="test_get_all_supply_orders" time="0.037" /><testcase classname="tests.test_office_supplies.TestAdminSupplyOrders" name="test_get_supply_order_by_id" time="0.262" /><testcase classname="tests.test_office_supplies.TestAdminSupplyOrders" name="test_update_supply_order_status" time="0.336" /><testcase classname="tests.test_office_supplies.TestAdminSupplyOrders" name="test_update_supply_order_admin_notes" time="0.248" /><testcase classname="tests.test_office_supplies.TestAdminSupplyOrders" name="test_filter_orders_by_status" time="0.038" /><testcase classname="tests.test_office_supplies.TestOsTicketIntegration" name="test_order_creates_osticket_attempt" time="0.199" /></testsuite></testsuites>