<?xml version="1.0" encoding="utf-8"?><testsuites name="pytest tests"><testsuite name="pytest" errors="0" failures="0" skipped="1" tests="13" time="2.798" timestamp="2026-01-10T14:04:55.971994+00:00" hostname="agent-env-5faea24a-42a1-4b07-8149-9d2a0541c680"><testcase classname="tests.test_osticket_sync_and_qr.TestOsTicketManualSync" name="test_sync_endpoint_exists" time="0.437" /><testcase classname="tests.test_osticket_sync_and_qr.TestOsTicketManualSync" name="test_sync_requires_authentication" time="0.044" /><testcase classname="tests.test_osticket_sync_and_qr.TestOsTicketManualSync" name="test_sync_ticket_without_osticket_id" time="0.130" /><testcase classname="tests.test_osticket_sync_and_qr.TestOsTicketManualSync" name="test_sync_ticket_with_osticket_id" time="0.039"><skipped type="pytest.skip" message="No tickets with osticket_id found">/app/tests/test_osticket_sync_and_qr.py:152: No tickets with osticket_id found</skipped></testcase><testcase classname="tests.test_osticket_sync_and_qr.TestOsTicketManualSync" name="test_sync_nonexistent_ticket" time="0.040" /><testcase classname="tests.test_osticket_sync_and_qr.TestIndividualQRDownload" name="test_individual_qr_returns_pdf" time="0.447" /><testcase classname="tests.test_osticket_sync_and_qr.TestIndividualQRDownload" name="test_individual_qr_pdf_size_reasonable" time="0.068" /><testcase classname="tests.test_osticket_sync_and_qr.TestIndividualQRDownload" name="test_individual_qr_invalid_device" time="0.062" /><testcase classname="tests.test_osticket_sync_and_qr.TestIndividualQRDownload" name="test_individual_qr_by_asset_tag" time="0.179" /><testcase classname="tests.test_osticket_sync_and_qr.TestBulkQRDownload" name="test_bulk_qr_with_device_ids" time="0.499" /><testcase classname="tests.test_osticket_sync_and_qr.TestBulkQRDownload" name="test_bulk_qr_requires_auth" time="0.035" /><testcase classname="tests.test_osticket_sync_and_qr.TestBulkQRDownload" name="test_bulk_qr_empty_request" time="0.344" /><testcase classname="tests.test_osticket_sync_and_qr.TestCompanyTicketDetails" name="test_ticket_details_endpoint" time="0.337" /></testsuite></testsuites>