<?xml version="1.0" encoding="utf-8"?><testsuites name="pytest tests"><testsuite name="pytest" errors="0" failures="0" skipped="0" tests="12" time="0.763" timestamp="2026-01-12T14:18:27.684714+00:00" hostname="agent-env-ef17f668-d8ec-4cb2-b4b4-321bb8753535"><testcase classname="tests.test_public_org_warranty.TestPublicOrgInfo" name="test_get_org_info_success" time="0.106" /><testcase classname="tests.test_public_org_warranty.TestPublicOrgInfo" name="test_get_org_info_not_found" time="0.043" /><testcase classname="tests.test_public_org_warranty.TestPublicOrgInfo" name="test_get_org_info_case_insensitive" time="0.041" /><testcase classname="tests.test_public_org_warranty.TestPublicWarrantySearch" name="test_warranty_search_by_serial_number" time="0.043" /><testcase classname="tests.test_public_org_warranty.TestPublicWarrantySearch" name="test_warranty_search_by_asset_tag" time="0.042" /><testcase classname="tests.test_public_org_warranty.TestPublicWarrantySearch" name="test_warranty_search_returns_parts" time="0.045" /><testcase classname="tests.test_public_org_warranty.TestPublicWarrantySearch" name="test_warranty_search_returns_service_history" time="0.041" /><testcase classname="tests.test_public_org_warranty.TestPublicWarrantySearch" name="test_warranty_search_not_found" time="0.041" /><testcase classname="tests.test_public_org_warranty.TestPublicWarrantySearch" name="test_warranty_search_invalid_org" time="0.042" /><testcase classname="tests.test_public_org_warranty.TestPublicWarrantySearch" name="test_warranty_search_query_too_short" time="0.040" /><testcase classname="tests.test_public_org_warranty.TestPublicWarrantySearch" name="test_warranty_search_case_insensitive" time="0.042" /><testcase classname="tests.test_public_org_warranty.TestPublicWarrantySearch" name="test_warranty_response_structure" time="0.039" /></testsuite></testsuites>