<?xml version="1.0" encoding="utf-8"?><testsuites name="pytest tests"><testsuite name="pytest" errors="0" failures="3" skipped="0" tests="30" time="6.821" timestamp="2026-01-12T13:12:33.343926+00:00" hostname="agent-env-31d2ba20-c2b1-4109-b1a1-367d6bdf73e5"><testcase classname="tests.test_saas_features.TestSubdomainAvailability" name="test_subdomain_available" time="0.076" /><testcase classname="tests.test_saas_features.TestSubdomainAvailability" name="test_subdomain_reserved_admin" time="0.038" /><testcase classname="tests.test_saas_features.TestSubdomainAvailability" name="test_subdomain_reserved_www" time="0.041"><failure message="AssertionError: assert 'reserved' in 'subdomain must be 4-32 characters, start with a letter, and contain only letters, numbers, and hyphens'&#10; +  where 'subdomain must be 4-32 characters, start with a letter, and contain only letters, numbers, and hyphens' = &lt;built-in method lower of str object at 0xfc40ba66aab0&gt;()&#10; +    where &lt;built-in method lower of str object at 0xfc40ba66aab0&gt; = 'Subdomain must be 4-32 characters, start with a letter, and contain only letters, numbers, and hyphens'.lower">tests/test_saas_features.py:49: in test_subdomain_reserved_www
    assert "reserved" in data["reason"].lower()
E   AssertionError: assert 'reserved' in 'subdomain must be 4-32 characters, start with a letter, and contain only letters, numbers, and hyphens'
E    +  where 'subdomain must be 4-32 characters, start with a letter, and contain only letters, numbers, and hyphens' = &lt;built-in method lower of str object at 0xfc40ba66aab0&gt;()
E    +    where &lt;built-in method lower of str object at 0xfc40ba66aab0&gt; = 'Subdomain must be 4-32 characters, start with a letter, and contain only letters, numbers, and hyphens'.lower</failure></testcase><testcase classname="tests.test_saas_features.TestSubdomainAvailability" name="test_subdomain_too_short" time="0.041" /><testcase classname="tests.test_saas_features.TestSubdomainAvailability" name="test_subdomain_invalid_format" time="0.040" /><testcase classname="tests.test_saas_features.TestOrganizationSignup" name="test_signup_success" time="0.268" /><testcase classname="tests.test_saas_features.TestOrganizationSignup" name="test_signup_duplicate_email" time="0.306" /><testcase classname="tests.test_saas_features.TestOrganizationSignup" name="test_signup_duplicate_subdomain" time="0.302" /><testcase classname="tests.test_saas_features.TestOrganizationSignup" name="test_signup_short_password" time="0.040" /><testcase classname="tests.test_saas_features.TestOrganizationSignup" name="test_signup_reserved_subdomain" time="0.042" /><testcase classname="tests.test_saas_features.TestOrgLogin" name="test_org_login_success" time="0.523" /><testcase classname="tests.test_saas_features.TestOrgLogin" name="test_org_login_wrong_password" time="0.563" /><testcase classname="tests.test_saas_features.TestOrgLogin" name="test_org_login_nonexistent_email" time="0.077" /><testcase classname="tests.test_saas_features.TestOrgDashboard" name="test_org_me_success" time="0.297" /><testcase classname="tests.test_saas_features.TestOrgDashboard" name="test_org_me_unauthorized" time="0.035" /><testcase classname="tests.test_saas_features.TestOrgDashboard" name="test_org_me_invalid_token" time="0.076" /><testcase classname="tests.test_saas_features.TestOrgSettings" name="test_get_settings" time="0.297" /><testcase classname="tests.test_saas_features.TestOrgSettings" name="test_update_settings_free_plan_blocked" time="0.349" /><testcase classname="tests.test_saas_features.TestOrgSettings" name="test_update_settings_save_without_enable" time="0.341" /><testcase classname="tests.test_saas_features.TestOrgSettings" name="test_settings_unauthorized" time="0.034" /><testcase classname="tests.test_saas_features.TestAdminPlanManagement" name="test_get_all_plans" time="0.304" /><testcase classname="tests.test_saas_features.TestAdminPlanManagement" name="test_create_plan" time="0.361" /><testcase classname="tests.test_saas_features.TestAdminPlanManagement" name="test_update_plan" time="0.385" /><testcase classname="tests.test_saas_features.TestAdminPlanManagement" name="test_toggle_plan_status" time="0.397" /><testcase classname="tests.test_saas_features.TestAdminPlanManagement" name="test_create_duplicate_plan_fails" time="0.318" /><testcase classname="tests.test_saas_features.TestAdminPlanManagement" name="test_update_nonexistent_plan_fails" time="0.300" /><testcase classname="tests.test_saas_features.TestAdminPlanManagement" name="test_plans_unauthorized" time="0.080"><failure message="assert 403 == 401&#10; +  where 403 = &lt;Response [403]&gt;.status_code">tests/test_saas_features.py:614: in test_plans_unauthorized
    assert response.status_code == 401
E   assert 403 == 401
E    +  where 403 = &lt;Response [403]&gt;.status_code</failure></testcase><testcase classname="tests.test_saas_features.TestPublicPlans" name="test_get_public_plans" time="0.036"><failure message="AssertionError: assert 'free' in ['test_dbfe0694', 'update_4484758e', 'toggle_54fade00']">tests/test_saas_features.py:630: in test_get_public_plans
    assert "free" in plan_names
E   AssertionError: assert 'free' in ['test_dbfe0694', 'update_4484758e', 'toggle_54fade00']</failure></testcase><testcase classname="tests.test_saas_features.TestTicketingConnectionTest" name="test_ticketing_connection_test" time="0.547" /><testcase classname="tests.test_saas_features.TestTicketingConnectionTest" name="test_ticketing_connection_test_unauthorized" time="0.036" /></testsuite></testsuites>