<?xml version="1.0" encoding="utf-8"?><testsuites name="pytest tests"><testsuite name="pytest" errors="0" failures="0" skipped="0" tests="30" time="6.751" timestamp="2026-01-12T13:13:41.647902+00:00" hostname="agent-env-31d2ba20-c2b1-4109-b1a1-367d6bdf73e5"><testcase classname="tests.test_saas_features.TestSubdomainAvailability" name="test_subdomain_available" time="0.082" /><testcase classname="tests.test_saas_features.TestSubdomainAvailability" name="test_subdomain_reserved_admin" time="0.042" /><testcase classname="tests.test_saas_features.TestSubdomainAvailability" name="test_subdomain_reserved_support" time="0.041" /><testcase classname="tests.test_saas_features.TestSubdomainAvailability" name="test_subdomain_too_short" time="0.038" /><testcase classname="tests.test_saas_features.TestSubdomainAvailability" name="test_subdomain_invalid_format" time="0.038" /><testcase classname="tests.test_saas_features.TestOrganizationSignup" name="test_signup_success" time="0.269" /><testcase classname="tests.test_saas_features.TestOrganizationSignup" name="test_signup_duplicate_email" time="0.311" /><testcase classname="tests.test_saas_features.TestOrganizationSignup" name="test_signup_duplicate_subdomain" time="0.298" /><testcase classname="tests.test_saas_features.TestOrganizationSignup" name="test_signup_short_password" time="0.036" /><testcase classname="tests.test_saas_features.TestOrganizationSignup" name="test_signup_reserved_subdomain" time="0.078" /><testcase classname="tests.test_saas_features.TestOrgLogin" name="test_org_login_success" time="0.532" /><testcase classname="tests.test_saas_features.TestOrgLogin" name="test_org_login_wrong_password" time="0.533" /><testcase classname="tests.test_saas_features.TestOrgLogin" name="test_org_login_nonexistent_email" time="0.038" /><testcase classname="tests.test_saas_features.TestOrgDashboard" name="test_org_me_success" time="0.304" /><testcase classname="tests.test_saas_features.TestOrgDashboard" name="test_org_me_unauthorized" time="0.036" /><testcase classname="tests.test_saas_features.TestOrgDashboard" name="test_org_me_invalid_token" time="0.038" /><testcase classname="tests.test_saas_features.TestOrgSettings" name="test_get_settings" time="0.302" /><testcase classname="tests.test_saas_features.TestOrgSettings" name="test_update_settings_free_plan_blocked" time="0.351" /><testcase classname="tests.test_saas_features.TestOrgSettings" name="test_update_settings_save_without_enable" time="0.348" /><testcase classname="tests.test_saas_features.TestOrgSettings" name="test_settings_unauthorized" time="0.037" /><testcase classname="tests.test_saas_features.TestAdminPlanManagement" name="test_get_all_plans" time="0.302" /><testcase classname="tests.test_saas_features.TestAdminPlanManagement" name="test_create_plan" time="0.345" /><testcase classname="tests.test_saas_features.TestAdminPlanManagement" name="test_update_plan" time="0.374" /><testcase classname="tests.test_saas_features.TestAdminPlanManagement" name="test_toggle_plan_status" time="0.394" /><testcase classname="tests.test_saas_features.TestAdminPlanManagement" name="test_create_duplicate_plan_fails" time="0.300" /><testcase classname="tests.test_saas_features.TestAdminPlanManagement" name="test_update_nonexistent_plan_fails" time="0.302" /><testcase classname="tests.test_saas_features.TestAdminPlanManagement" name="test_plans_unauthorized" time="0.037" /><testcase classname="tests.test_saas_features.TestPublicPlans" name="test_get_public_plans" time="0.037" /><testcase classname="tests.test_saas_features.TestTicketingConnectionTest" name="test_ticketing_connection_test" time="0.763" /><testcase classname="tests.test_saas_features.TestTicketingConnectionTest" name="test_ticketing_connection_test_unauthorized" time="0.034" /></testsuite></testsuites>